-2262 GET
-2262 GET
1132 GET
932 GET
1016 GET
4035
2651 GET
6518
3952 GET
1335 GET
1535 GET
1838 GET
4668 GET
7215
2094 GET
-392 GET
2132 GET
5525
471 GET
-2602 GET
-311 GET
-2299 GET
907
-4099 GET
907
1706
884 GET
2173
-3718 GET
-123 GET
4970
4970
4186
-1242 GET
4186
1499 GET
-1509 GET
600 GET
2819
2819
3871
-796 GET
-332 GET
3059
377 GET
0 GET
2344
-2150 GET
2344
2344
0 GET
-2126 GET
-848 GET
144 GET
111 GET
2579
2579
1285 GET
2103 GET
4424
-2766 GET
-2094 GET
3601 GET
-4515 GET
7251
7251
2930 GET
6237
2122
1146 GET
2122
2990 GET
-3265 GET
1436
-108 GET
984
10 GET
984
0
-2054 GET
-6531 GET
0
0
-1137 GET
-866 GET
2061 GET
-4601 GET
3135
2710
857 GET
2710
0 GET
2208
-1281 GET
1604
-1753 GET
1218
1894
-27 GET
1365
231 GET
0 GET
806
-879 GET
806
0
-196 GET
-1842 GET
640 GET
2921
2995
382 GET
1164 GET
467 GET
1864 GET
1522 GET
4528
-2661 GET
46 GET
3032
-33 GET
-2317 GET
1306
1115
-1795 GET
-927 GET
-2207 GET
1716
0 GET
1716
7226
700 GET
-596 GET
2431 GET
-488 GET
4795
4795
4795
4795
303 GET
4795
1059 GET
1349
1349
1349
-1209 GET
2875
1962
3841
1923 GET
6467
2534
-2879 GET
2534
122 GET
317 GET
-796 GET
-1463 GET
1258
1258
1258 GET
152 GET
4640
4158
2560
-77 GET
-1198 GET
736
482
520 GET
3620
89 GET
3802
4350
2962 GET
4350
5814
-1645 GET
3388
3423
904 GET
-1580 GET
969
969
-489 GET
-199 GET
5013
2722 GET
1231 GET
10719
253 GET
4148
3465
2108 GET
5068
5429
5730
2182
15 GET
0 GET
570 GET
4601
92 GET
4805
1616 GET
339 GET
1027 GET
801 GET
1584 GET
4764
4764
3049 GET
840 GET
9229
6915
2841 GET
454 GET
0 GET
3684
-551 GET
1197 GET
3541
-1745 GET
2485
2485
-5670 GET
-2045 GET
-3088 GET
2412
2412
1433
-1892 GET
-6750 GET
0 GET
323 GET
3735
-490 GET
3461
-3489 GET
-2866 GET
0 GET
2843
-1790 GET
2843
0 GET
2843
-21 GET
1070
-1244 GET
2249 GET
-4434 GET
1722
1722
3609
-1723 GET
2531
-751 GET
7410
1286
-2727 GET
2417 GET
5649
932 GET
4029 GET
-2354 GET
3772
650 GET
-884 GET
542 GET
4743
6012
6012
1515 GET
152 GET
-161 GET
2960
3729
4936
656 GET
5235
5235
5235
761 GET
7169
656 GET
-262 GET
866 GET
863 GET
470 GET
2533
-1343 GET
1779
1638
1638
-540 GET
6056
-193 GET
5453
3658 GET
2685
2685
2128
2128 GET
-295 GET
3058
-1654 GET
2128
306 GET
-589 GET
4356
-611 GET
-2922 GET
278 GET
-1837 GET
0 GET
2000
770 GET
2000
2000
3097
3097
3097
2697 GET
1917 GET
2341 GET
4030
4030
6339
