52830
52830
125811
4553
4115
128816
21896
-474378
50231
34927
2233
34927
34927
-37177
434957
-14895
-4256
-12676
-4335
35670
-12604
1221762
1221762
1221762
1221762
-136658
1099530
383255
415864
93999
415864
1373801
696316
455565
1121829
-36540
1121829
1121829
1121829
1121829
525067
-476836
838050
1121829
205942
-39368
248513
5546
273148
273148
18567
291188
1489952
237987
1870684
1812611
1724998
1724998
-154032
2452586
145197
-106096
30870
20035
2389574
2336751
2336751
438737
349527
349527
349527
64787
15068
-109777
1197146
1010006
1043439
499356
13635
266268
998338
226083
966322
966322
-23432
10789
1338159
1338159
40963
1272082
1272082
1311960
5931
320014
1304938
9179
583546
-144325
-205200
63576
866216
1014618
-804636
-1857164
-374590
32002
491102
278327
278327
278327
278327
278327
97903
-1770424
-1878043
-1017475
12250
-597985
254535
256759
56886
267022
308703
398251
-60109
391045
911610
911610
2115148
2115148
1317559
1419420
1527167
10591
1202396
1000323
1506954
89086
-911705
-9693
-556803
1707647
651422
1450464
1285247
-126144
1559594
2787319
1954121
2733598
-857587
2733598
1114585
399272
1262741
1262741
1262741
808991
322105
1628472
318201
307749
950191
412967
978861
703969
-3642
954582
162456
704356
1005892
308615
709614
-57082
1944551
1944551
1944551
317561
-38949
-18481
1409397
984545
1438978
1438978
-89485
130246
130246
461149
-45423
416379
-594837
179986
28261
179986
179986
179986
351763
-17980
972
82686
82686
82686
-26230
52165
52165
6019
46259
-92811
54204
-50048
46259
22795
46259
58390
46259
46259
-20103
-42050
929706
929706
929706
929706
643477
-104492
643477
-110554
-385244
643477
652747
652747
321970
321970
321970
526388
526388
725445
494620
494620
-212681
121893
-16838
478147
487818
615588
10834
6264
179439
179439
179439
179439
179439
342
286797
-451
354094
2082477
2144295
2142898
1353061
-2549
1124921
1131631
1333740
41488
1333740
-803825
325374
2352086
268105
1983200
1983200
-567777
-12050
6707
888298
1458138
1962766
84927
393374
96409
128545
681762
-58847
787757
-31163
-5800
-35108
556578
-657338
1574168
1971469
1971469
170175
663137
713160
-51225
326743
783537
-27985
801006
1280984
1280984
213116
19600
70908
4405
-330486
61785
109983
109983
109983
40617
1314775
1314775
172324
172324
-222614
1690
419412
13312
419412
-88783
221162
408182
442009
-450542
442009
-557881
-1118
442009
439616
-535796
439616
42189
42189
42189
-511507
42189
45274
24784
-42754
1913292
1893666
1893666
1280557
1506080
264125
94159
416237
355006
355006
-4102
360684
360684
-1017214
62280
232190
-633163
382915
-216308
433431
1500298
221031
293878
4002
793835
104693
440450
624867
624867
46137
-292721
-32035
-7216
90131
-237702
-447147
-488085
-116488
-689817
83065
83065
-15173
83065
-14396
-539007
811334
-25128
3385
234059
234059
80189
-194706
-157904
173930
253680
1076045
99498
492413
492413
82911
870457
1302702
20574
1302702
-11913
62776
434503
536267
84921
1241336
2318592
2316275
94772
1971877
15609
1079943
2167495
2167495
-22817
1607530
1712601
2063831
328240
1702174
50927
142585
1422071
-16725
170319
5761
946927
70821
43781
498924
273492
140213
96044
-268
125484
498924
41436
524917
9475
524917
138344
100172
100172
-138361
-45196
100172
100172
784836
-8194
835789
-129828
1509207
-10645
193656
1961917
-40298
754978
-994200
-125117
98156
-12593
294675
3426
-10375
277237
277237
-37525
277237
9183
-226662
-38243
-210467
-48672
277237
-466614
277237
330177
227370
550874
112833
80794
128939
298741
625941
1456283
293336
1456283
324360
2516
1415197
1348203
832097
738234
473053
453187
764966
34260
50691
764966
764966
-71759
-60271
43010
-28851
873829
873829
305351
-219188
151201
-193949
328572
-482441
151201
151201
77400
-273452
77400
-218196
-10877
-9448
23940
-30221
-212420
-122977
-1106234
39751
-445613
39751
-833515
-495423
9053
-356
55225
27954
29276
6033
29276
3117
-5245
-1129275
-817784
48663
30599
45007
20916
4449
-1090772
32500
-2724
-229192
2053797
2053797
-722
2042257
2042257
1899659
1546220
656060
1720159
1194060
759890
305588
2119
1248831
1248831
527372
-29
322500
322235
9343
135889
1183
534131
-3222
1958336
-539880
2297849
1054078
-10613
1244731
1244731
1244731
-19928
152145
-3407
1541395
990346
990346
968944
-70268
968944
968944
968944
636998
-853298
2806213
-1001753
649819
-20664
245245
649819
-37372
414475
414475
469549
100050
263143
263143
276648
276648
276648
-41901
68534
-12580
-224915
-38406
280186
280186
280186
-4928
9920
-622356
580292
856014
856014
-79769
-90713
964604
964604
964604
964604
964604
-622085
964604
-316520
-1388744
291307
291307
527222
-267011
372785
-81661
351345
-13724
4440
351345
-701129
-907586
100662
100662
-198274
100662
-1263209
100662
-214879
-358818
219116
10137
151949
20165
14828
151949
14468
-26353
-40399
100662
100662
100662
1280686
171485
1746024
195726
115142
49519
297491
29147
9404
57674
-66386
-30179
-472903
3478
56690
18771
50736
-865425
541795
-1575800
541795
541795
541795
954038
38822
241860
-497119
54150
-739336
-19395
776894
777755
2050389
1383526
-12504
12451
2050389
3076421
118128
3076421
228469
2288961
3476825
-7638
601584
1085549
1163908
-30178
747551
747551
747551
219839
18062
51320
-560859
51320
1508
597391
52407
444630
255912
104421
216597
443981
443981
464532
32852
464532
464532
45300
61276
61276
41940
39507
42897
-37637
-163210
-58989
-87756
82605
82605
44794
-205523
-22407
-12610
-138259
-11718
-27215
363288
-296965
363288
363288
363288
-262905
539936
539936
72082
678323
-478181
146291
539936
1039357
169391
-1164680
539936
539936
-924902
398958
-254650
-38458
-7837
-276171
-44618
-168778
1294369
200480
83050
136644
-165363
136644
-472948
-185286
28013
-177511
271190
-715721
271190
1276229
-44839
469190
469190
355869
33103
-73499
895
-143201
1266241
2027299
2027299
565999
-205120
-98293
-59002
49837
575119
-95430
-10426
21398
511851
546979
511851
-240051
511851
511851
511851
511851
511851
-447984
511851
475115
3156
126763
293798
1415570
1241074
390208
1807724
-234498
1807724
1642374
1642374
-140088
1642374
774464
806912
-1557644
486156
23693
1278435
203248
1901837
115942
81687
1901837
1194
1197342
-203925
181751
-92378
1506132
-876764
912385
152467
110010
-59950
-755852
-882570
-541419
316
1903830
2437762
2075330
1521879
1089988
-85772
-26754
-981222
-720896
-940827
1605705
14567
-295
2110196
313795
-212492
712022
1003914
1003914
1005129
699661
-374403
699661
11644
567089
859
580882
580882
508777
-4831
-788484
722506
-37108
500383
508777
25159
209999
-22141
689340
689340
-7064
718107
320807
718107
718107
415738
718107
-42470
344424
-166251
1078515
614257
-32006
476949
107719
4184
476949
476949
-356165
380753
-388881
-38905
-1304341
369600
-236002
50682
-166416
50682
50682
12935
50682
50682
-203244
50682
-178651
1713016
451358
1713016
1713016
1713016
108361
-23894
1713016
-1108308
-593371
2030739
2030739
854382
2039902
1654778
1654778
1654778
1654778
1371059
1371059
462240
1371059
43296
552295
-10649
-613430
-18003
108925
34808
34808
34808
-8983
-155738
-209685
75624
64133
197772
6891
-6459
80417
60876
369380
-224290
369380
34804
369380
-238184
223790
68069
63155
63155
40073
513891
1092186
620222
-3556
1155448
-14422
1113716
114294
-43798
1113716
-111789
287302
287302
287302
37808
-514917
391163
-466560
1412911
538114
1381285
1381285
378011
258079
23926
23926
23926
973458
-519790
-249401
1757043
-23641
1757043
542869
1762403
41239
1765205
1765205
1765205
1007723
2440753
626040
-353526
618371
107915
-324475
-1628498
619071
619071
619071
1395517
1395517
1430591
546994
207338
124232
375016
1338946
2322
322320
-14429
236448
283026
283026
-70898
161383
509241
188397
-1006911
-1131540
2060292
-150141
3029584
-1024382
1144343
-46823
1360896
1528463
-27179
1528463
1140194
1528463
3637
87013
10622
2152263
2180589
-18466
4197
214701
78409
92642
-151741
90154
50409
-7140
118928
79355
56545
118928
118928
54001
118928
118928
60661
-15618
59740
674287
10568
687765
49653
17752
474032
38599
347283
-18991
59982
-60690
42527
-10326
-43277
-25980
42527
-24017
-19110
2360919
870940
-4146
-1174881
-304386
1029500
-926472
137570
17986
89171
23641
66944
-493752
47296
26095
62422
62422
-1482752
-219600
62422
-73955
-31382
18850
23524
172551
7015
13876
-13067
-1029864
-571
308201
50491
50491
1611810
494169
1633013
-246277
-19499
2790960
205662
205662
-64904
971463
931639
98987
271306
931639
-160188
495488
931639
280430
342499
240657
142075
-232240
333458
95806
346330
39294
278814
278814
-1598383
278814
278814
-1486576
60653
-12139
453273
515497
515497
194516
194516
6882
-903003
-45258
509097
-394208
108424
-19967
3773
2956
-40672
95182
68331
90264
19007
85010
85010
