13315
3421
30425
42322
1530479
1530479
1530479
1530479
1196884
243418
911198
-21000
909034
-201056
1153480
1626837
344265
1714682
1714682
1714682
2048888
2802772
2802772
2802772
1127461
992086
0
363225
146324
696283
2190376
2190376
2190376
2190376
44263
2190376
1260434
872711
2975606
2929605
11154
506806
2929605
2412889
-111111
2566562
1501619
1501619
2552050
2552050
82836
249444
2520650
-75731
2258568
2628348
1045315
1214702
2326095
2326095
928534
2514618
2514618
2514618
2514618
2514618
1617966
1617966
560397
2040730
1928519
-164530
346659
876697
1928519
-577936
721559
1680518
1680518
2497998
1653761
-224535
1653761
-804626
1837147
2341669
91486
991388
2294268
2294268
-907670
-1562974
1028231
335114
981632
-334831
119975
461951
332384
1943906
1943906
314204
113346
1240966
1240966
-25896
1240966
-935933
1284170
1284170
19499
808712
-654241
808712
702856
702856
140246
3283334
1249235
3283334
426302
1392286
1602118
1064192
-168006
1602118
1602118
-67374
1941039
1941039
1402177
1941039
-281134
49840
1238399
215297
1154287
1154287
2160105
2641141
1549102
38321
1389256
2641141
2641141
2641141
-420879
1159148
2293363
-318381
-427196
2293363
-597902
-173479
1163997
1209959
1851575
1327758
-27396
611132
1190983
-1783047
-913456
-904171
-866646
2056365
1275877
-701184
608919
-1071693
-1890194
-1029943
1663830
1663830
1663830
1663830
-902451
1528277
-664736
755357
660455
-1202749
-575816
921623
-1380944
921623
49808
363481
-780382
363481
363481
-1565859
835393
-982147
-261748
430105
61294
-2102858
322489
322489
322489
2093350
175178
2093350
-739854
87084
1595990
-469170
1595990
1595990
1595990
-216419
1595990
799185
2404611
-646833
191150
2404611
2404611
2404611
216139
2810711
-1617242
179334
2810711
2810711
2810711
239033
2810711
-13325
2485443
1420680
-5741
2334147
975759
815978
441550
-458063
371392
1087053
192505
1205436
1103327
-133510
3621704
3621704
961481
2574531
4704679
3639954
3351369
-635865
1366225
1178681
1178681
1178681
1178681
1178681
1801454
853472
2370317
542309
1206671
754382
2155974
2155974
1006760
1792006
2353144
2353144
2353144
2353144
-155483
45470
1454347
402147
626013
-722347
1454347
1525214
1616057
1616057
1616057
1515623
1515623
1165623
-117737
-295480
1276749
-442876
-435504
1276749
1276749
60555
1111357
29891
880288
2050653
2050653
332640
1339056
1339056
-1153019
1137054
1137054
1137054
-78707
-904305
-281484
555126
-167155
555126
2165231
1620224
1620224
1620224
1620224
-804696
288914
243523
807855
-211767
807855
807855
-281710
365419
-421331
436828
1623605
377779
-109292
65857
875938
821304
407883
1414959
1414959
1114770
444690
1114770
1114770
1114770
1114770
-56003
613980
1453880
-352114
739878
473598
861232
1366311
208102
1366311
417932
1749732
1702318
106740
1096100
851282
851282
810264
810264
772267
772267
-1398822
-598246
-454323
299475
1472895
-120262
169635
1344713
1344713
53432
313301
17775
1344713
954408
954408
-510851
1081658
-1342037
430826
2080575
132602
983436
3215786
1365409
1660956
2602868
890294
263359
1234993
1073844
27639
1259740
416425
1259740
-243339
2402099
1129416
2283291
2283291
2183993
104606
640720
1558582
1558582
-41324
-207592
-19836
368292
-22120
-1135993
411551
-1513298
1034144
1034144
221544
993098
-592475
760415
677726
-85513
677726
-314252
411399
411399
-583969
439226
-164471
439226
333970
333970
1968060
1210211
711801
2287449
-12183
229971
1427839
1427839
-211691
1424571
-346856
1957349
1957349
667840
-1162320
989138
817526
-1260259
-1045195
919325
919325
919325
669867
-175532
-35850
-940083
247787
476730
-741980
422823
-107034
721817
17856
-263390
2092597
2092597
498839
-706961
-1159673
-359586
259965
259965
-1058213
-66906
1261739
1261739
-628209
1060124
-1260444
1060124
-818047
-651510
1060124
1623503
1623503
-175979
-685751
1623503
-1259100
3288413
301519
-69483
1823937
1633306
1476229
-673936
1860563
2021729
-513533
2021729
2021729
2021729
1175599
2021729
-1396209
2058731
-546000
2058731
2058731
2058731
2058731
2058731
2058731
2058731
1223018
1443713
2988568
4321727
1614100
293706
3345407
3345407
866322
1082152
175169
1864127
1864127
1864127
1864127
2951496
2951496
1327897
1202860
2951496
-739491
1561330
154767
-406092
2457383
2000732
2457383
1072403
-1357972
-1493421
-1119791
1896754
632961
197673
-1410557
481404
-876170
327292
-510789
-311492
327292
-1686030
1140348
-66716
-838447
-679354
-1077380
-380339
1097206
-961543
-595563
1317598
1317598
-52226
1317598
1232357
1232357
1232357
-222636
-777269
1232357
1232357
1592570
-53621
1592570
911035
1008706
1008706
1008706
1008706
1008706
-664536
1112450
-631797
-99502
791012
791012
880328
940733
201025
-491735
-1340670
451180
1001599
422819
974853
974853
791012
874388
1458101
1099493
1458101
-209297
1458101
513786
-290433
664034
864396
376006
1458101
92832
1426346
1426346
1426346
3258850
3258850
903260
1425106
1893116
-1370790
284988
-459826
1484964
727386
1484964
1060388
-346712
520408
-860094
520408
520408
-80138
199456
-470543
-751612
489319
489319
489319
489319
-442864
489319
-1029567
489319
919100
261011
622074
1105169
1181723
1022716
66640
1022716
647094
647094
647094
-1862401
-893693
-105601
86877
607698
485598
1187292
996204
1109510
172176
172176
-3840
202404
202404
57530
202404
-91918
202404
173201
132829
56876
631263
450713
184599
677697
334333
1558180
547045
18732
419046
2621127
811464
1269845
1269845
-18561
1443968
-48195
675708
675708
349640
323412
73225
-247329
409929
-389138
-805570
-494486
-229103
408881
977192
977192
977192
-313697
33246
-386663
-345594
1210150
428237
120872
42101
-560617
-97100
-1128357
-91796
606963
86340
606963
2855177
2855177
3974393
3974393
313071
3758565
988938
802097
1830386
296783
1830386
190592
1916430
39767
3027502
2289221
-829954
5510
3314794
3314794
3314794
181781
348205
3121846
1693107
1684942
1684942
-322278
-145677
797905
-1176730
1024306
194731
28761
1502919
-114310
114752
1947145
1947145
1014907
1002939
922167
195264
1446955
139083
981273
981273
-411749
-494163
-802012
-1456171
-444267
-851619
-1597942
514784
787796
87573
-925300
-782042
-849672
-221886
1143358
1143358
-30909
-681170
-61565
1143358
1143358
271695
355448
1258961
1258961
-156240
-1562800
19739
-648026
769413
394875
-89718
-1041457
705648
714972
257370
582878
1415472
1415472
533232
533232
-614527
533232
533232
-1093293
533232
533232
533232
533232
533232
-956464
-1220329
-1507986
344448
67123
344448
344448
-94620
1005808
222656
-17328
542907
-655445
576027
58504
-717861
-549595
1069273
-223432
-285548
-760821
519210
924160
411054
-292830
924160
1126440
995397
542226
84632
995397
995397
461921
405581
995397
144734
847234
-127959
1114116
1114116
-11687
-498605
2157889
1163499
2157889
2071287
-1455938
2865020
2865020
2865020
1765585
1108838
1108838
-2216682
413342
9955
620704
30432
755224
54865
642068
642068
-569848
513051
301226
180564
856827
-474145
528120
528120
528120
1048730
22204
-415847
65682
-850048
-1422942
545478
-493974
545478
-464690
-18698
432674
545478
-623861
545478
545478
545478
545478
545478
1044729
1044729
-295351
-1046518
-15798
-5410
23597
1240445
230716
1240445
59496
-217652
402643
1233047
1013011
1233047
1233047
1225979
-228423
1225979
1225979
1225979
1032980
1070232
393012
1070232
951737
951737
352091
951737
-1070153
951737
-359868
-295170
-1098980
951737
951737
39488
-900068
1236056
1236056
1236056
1236056
1236056
-106322
1044438
-99646
1044438
72947
1044438
1044438
434725
37320
1044438
-44505
-723714
-297704
1044438
1044438
1044438
-1007631
1044438
1044438
1671505
-365287
59117
-1359279
1421600
-304920
944800
-331304
-519035
-136884
13895
814469
814469
-896045
864025
3168186
1453583
2137144
445281
583501
-677518
978617
1570066
1590063
1570066
1355723
2527248
1119837
2547990
2527248
2527248
1780607
-44799
1420710
2690640
2101730
1015031
-51281
2232497
1140327
-557400
1060055
735822
3567999
3730607
893450
1029255
2611268
462831
679480
2846948
4228657
3550527
1022395
3550527
3550527
3112931
-1328179
711982
3344494
2756674
-45186
-623425
2652692
125883
-12472
2093736
1987358
2652692
2652692
695058
1897690
1897690
613478
667090
495579
635460
631095
321323
-124677
2135934
456293
971066
568521
864732
605066
605066
-435054
-1358120
605066
-84975
1978354
1978354
1978354
1978354
381137
1149698
1783063
-216814
2195451
1079492
1460010
2195451
2195451
2782133
1913762
2215973
5046970
322730
3401718
3401718
3633204
615693
295726
2454599
-774
-657257
-771125
-338056
2022637
118317
2124989
-152741
1468152
-636646
-10478
37708
2315994
2965264
2236187
2885564
1810817
-198902
1632131
394410
3561509
-35591
-504453
3561509
2596741
-876
3561509
272433
2992977
565467
2992977
-620794
70531
2125727
311972
600217
-1334944
1848354
1848354
1848354
1848354
1848354
1848354
1848354
1366384
-250173
229566
-74812
4240437
4240437
-239903
803819
4240437
4203182
4203182
220302
-434171
3423062
3423062
3423062
3423062
425506
1806419
491787
1622358
3423062
-32060
2098265
3815492
1486778
2657285
116544
3815492
3039490
34440
3039490
2741191
3316119
1691155
1729078
445914
533567
1619028
1619028
452809
1619028
715487
294261
1219602
1219602
1219602
1300633
140027
1164916
737138
-1774132
-1749773
932669
983709
15565
983709
983709
983709
-2237241
-71358
983709
973856
-325611
2162594
2162594
39563
2162594
-1510123
394805
-1603726
-1713887
882342
863808
863808
-1509517
-2352785
-2869264
1446088
1446088
218752
61765
-138976
-172062
-209470
1608380
1608380
1608380
784886
1608380
86975
-700268
-496763
2445876
3137466
3137466
3137466
780050
351009
2260514
-1488677
668187
317488
1981259
968227
2218062
4276125
2312211
2673879
2673879
1372501
3049110
1034050
1189836
17191
1934352
1934352
-41116
-332409
301051
1934352
1934352
3372293
1490475
1490475
1490475
-975460
1137728
1414539
-197733
-266000
1079380
1150383
-741035
1150383
28694
-1346813
1150383
1150383
1150383
758262
758262
-46079
1075245
1075245
1171308
758262
84824
758262
1151134
-1356185
-137832
1151134
1151134
1128282
59112
1128282
1128282
1128282
656180
813755
378146
369832
318426
-135720
-265524
267840
-184208
1372622
141950
2480518
64243
534173
1031054
707469
176297
214406
1701062
1002932
-31088
1214404
455642
1214404
717544
1214404
179913
133510
-677754
24355
-591263
-1055010
24355
24355
-228516
1046220
224895
56094
622257
12603
-331272
-509106
-250380
61152
705568
163106
419316
428854
27196
362316
331269
-23652
-96804
14867
323403
222454
536599
895608
875742
347272
875742
875742
875742
870352
92496
39997
508269
14190
508269
508269
-16470
-178605
20910
3403
3403
3403
3403
-434364
3403
3403
-208533
3403
-768915
-861312
-541240
3403
-62499
320844
320844
69960
18205
320844
320844
-314781
-182207
-156077
157850
157850
-26486
128472
128472
128472
113577
-84192
1173177
-353116
-476945
784084
2690201
2690201
218797
2690201
2690201
902444
2179729
608416
-406208
531102
1586969
1586969
837583
1503606
1222268
195980
836903
836903
836903
686023
686023
686023
686023
-51717
-476010
-530938
-119360
-517182
-101219
182305
-50261
-24192
91233
182305
182305
182305
182305
-186254
967890
967890
-72960
967890
44854
300312
436196
-71026
1164884
574685
169155
574685
-116178
3403
-505488
3403
879125
49885
95060
203700
154812
154812
-74860
154812
-814865
-583282
-136280
-829437
1546174
1546174
62029
665308
649325
-268435
260865
-86735
204248
9194
-164496
989391
566145
851752
141726
-199343
80848
-207039
80848
80848
80848
-505026
-714176
256746
-475936
151956
151956
-93006
6328
38268
327020
7470
1403704
1403704
1245215
658160
700053
1245215
377355
-48805
561977
561977
157200
157200
-815692
-588071
-51556
1682194
1682194
1032617
556969
556969
556969
274133
-224146
188773
188773
-52548
-296854
224044
224044
235611
1166772
1166772
315496
1152275
1152275
1152275
1114261
1114261
1114261
1552150
1545606
701800
545232
1545606
636865
140507
-406035
140507
140507
17025
361653
50246
340395
-66115
-227850
-153671
-44131
-59528
340395
237640
106176
78780
906210
906210
53534
253401
14898
-509267
195840
-719499
-52010
264757
-34726
108641
108641
438946
-131060
108641
108641
108641
-309428
1624719
776026
624162
1624719
78168
496973
470560
-11873
85178
85178
85178
-153335
85178
-127786
69582
69582
5880
69582
-7938
124840
124840
124840
-192262
82188
81460
-106338
-57868
-4810
956072
89620
-35968
51167
7776
301004
139242
93237
301004
317754
317754
38754
566395
817950
570800
246703
1029800
1674845
-101597
-140254
406676
-50397
465718
638748
-39783
270408
727757
213324
1570765
784098
1234857
477669
-27807
-458600
-660944
177828
-980782
-556224
-319020
177828
177828
31846
-38163
965725
299813
286916
286916
-311064
-213026
-324223
229124
-669130
-59703
-320334
-209748
-330600
72180
-73232
72180
72180
87556
87556
87556
-142839
66392
-456981
66392
66392
66392
66392
126504
213290
286170
44770
228530
200920
-17644
160115
31316
31316
-73791
144868
144868
-316948
144868
144868
-303517
144868
-36231
-1108690
-844284
-210496
1183788
347814
-349282
8512
381542
852869
422224
262620
422224
422224
-16214
269782
119636
269782
16520
707522
19040
707522
707522
246963
246963
246963
246963
-617605
-611645
155903
198199
818946
-385125
-2583
1036220
147762
-55104
249100
16981
607451
128472
611488
1641582
857714
857714
857714
286586
-28864
84750
633054
1202464
65390
1202464
513700
404216
-193351
2259273
2259273
512708
828608
2330449
801562
-655933
-275026
-29589
372839
-245579
-318313
306927
1166
306927
335369
132192
765594
765594
203888
25608
-847699
27360
-199800
27360
-628327
1074270
-347862
1074270
1074270
-511428
1074270
-572427
-507492
282447
1645958
1336558
1336558
1336558
1332105
1332105
1332105
1332105
1804429
1429946
-731923
1223606
-816640
317051
1429946
1429946
1429946
1413542
-977248
1529168
-766801
1142281
-95602
336666
1453327
587852
500971
1453327
887728
948205
205064
-341783
-518101
741903
741903
-737978
741903
-420533
239089
203636
-317800
993648
993648
993648
820179
1397716
1397716
1397716
1154539
1397716
-466266
1397716
-107472
41468
2828456
2828456
689241
2828456
1178648
-921730
1624036
1624036
115578
1260216
1260216
721658
-451967
357939
358413
759922
813634
1397767
746440
1064407
-329244
-367721
608035
-30817
411729
-612907
275954
1290782
1290782
1290782
178537
1223744
-791470
644720
1904538
53016
1904538
1753081
84784
1949598
517101
1949598
1531470
-271918
-81927
40204
3676235
257940
3676235
2456746
3974423
3974423
-622520
2113803
3564400
1638527
3895280
391573
1789655
1112019
607396
607396
205072
-1267151
-997475
1752390
-35724
-10561
255397
-1216544
-718251
1752390
-1466720
1789602
-137560
-98532
-6442
1574636
1574636
875660
1936808
61345
1587298
-434610
19098
1304240
1304240
-455082
-484675
-518146
1072048
546181
2153068
1847308
894474
363822
-1679078
-1232655
-1358507
8885
473026
933092
-1763588
-535643
805620
741658
741658
741658
1352560
82516
1352560
-1276614
1325165
1047717
1047717
-908125
-143201
-1008835
991410
-264911
991410
487952
-34977
-1411395
1386393
1386393
1386393
1386393
184195
184195
184195
-53090
1087559
-435641
-685276
1087559
-3300
59139
-8040
-197108
59139
1169706
306433
475417
523022
523022
287945
820938
158886
346167
346167
84972
346167
-87178
317677
205941
317677
1567329
236832
1567329
1567329
631187
-638694
435440
-365130
1882
-759980
1627702
1627702
1623420
1562986
1940886
2399015
2399015
451008
4263541
3968953
3759990
4056691
4056691
4056691
4056691
1288534
4175
-130607
4117718
528026
3345867
4420654
-124573
-368178
149819
1143206
2296126
1876738
779119
689826
689826
689826
689826
-256593
689826
-202516
689826
950348
-176133
950348
950348
-809834
429885
142891
497787
345928
950348
800794
691958
691958
237222
-513652
1953122
2097833
1352004
2097833
1889252
1889252
1520646
-31235
967558
1603636
1429233
611957
2384484
2399294
2399294
2214471
2121607
2121607
-297577
36089
-507453
2121607
2571857
301553
1409712
2350986
53146
2483389
-38662
-121065
598333
2311743
469053
1189823
85008
73599
-1106940
1341054
1341054
-991429
-109758
-1394092
-383127
1427243
1036470
213515
-494575
1434128
1408260
1408260
237926
904919
904919
341245
231901
1210693
-1299187
-521367
-1770789
-722133
113443
371898
-529733
31858
371898
371898
371898
-1910679
315153
-594437
788603
788603
1083148
788603
788603
-697590
788603
-364068
-597642
1190875
290951
1353083
-272360
1353083
1240149
-636069
1240149
1240149
-407921
727523
1240149
1240149
-276026
-70318
562455
562455
-1930657
562455
562455
-2091022
-1057104
22920
551815
-1455693
551815
-841209
551815
-566695
-545446
-2688281
551815
-1928050
-1777148
551815
551815
-1736492
-1154629
551815
-641671
-2587653
-942335
-2121974
551815
551815
551815
-835273
551815
-1620272
-2471238
-1738574
-583795
-349977
903212
-270009
-135608
903212
122528
497115
-912963
927175
25116
768195
768195
-577904
768195
629975
629975
1462674
1086897
1086897
-24687
477515
477515
1746569
-264888
1746569
-70120
-31632
-1964305
1849160
-1132170
1727497
1727497
1727497
-1813797
-1395783
1673458
1673458
464352
1333661
-2029044
-1991293
-1920682
-76041
-2068301
-1492802
1278856
-5736878
1278856
-543835
2269610
-1412336
2797917
1009038
4282770
3101206
1580416
3090165
3090165
1892656
2921969
2921969
3891446
3891446
980558
2167026
2878931
2878931
284406
398816
2912770
2869530
2869530
273672
2909160
13023
2921133
2235479
884237
2832560
1269663
3367336
3386315
739254
3358934
3358934
1710948
3358934
307344
2222602
3092434
-944530
-185101
1345108
1345108
1345108
1117860
-524030
-1100346
-1190342
933452
1493279
2130297
898018
-693508
717120
1914924
1914924
1914924
733546
1914924
1706430
1706430
467202
1850399
1908836
428285
-917581
-35386
-706893
456625
-987439
724669
-288147
724669
657638
452226
838085
10575
-237402
-674865
-724928
-378852
-681016
454034
454034
454034
1036964
1036964
1036964
-436302
847594
-464634
847594
-1296036
615779
615779
-249874
615779
-113498
1761629
326060
1761629
1761629
161115
367131
103782
-987375
-30511
534877
52828
2445024
2445024
2445024
434900
20409
2762542
438980
955073
130599
597394
-144176
1193486
1535927
-280610
1535927
-866052
1535927
1535927
1060549
-44109
1432329
771369
1068813
1470579
632468
956970
-251311
956970
956970
-415129
950241
950241
-743341
2018916
351754
-429712
1782774
1782774
244759
4293607
4293607
1634960
3041424
299545
2940927
371820
-107050
181395
1072593
1592528
1592528
-1090228
-672046
1820298
1820298
-131147
567920
-73677
1901566
1901566
1820298
2928
1991348
1991348
1991348
-50820
1084483
3246114
49291
737619
996375
996375
576516
576516
396317
-90812
548277
-101040
188061
820516
293166
382104
1878025
1878025
1785200
321034
321034
-37351
1166902
1166902
1166902
321034
-171912
8576
163938
302979
302979
-115194
10684
-74555
-135771
-43552
275910
66078
1461402
712839
1138398
1138398
638408
46197
870403
372960
1506400
1495488
1495488
625527
1495488
1446488
3182200
3182200
2877470
2877470
1453260
3447770
2761745
997590
1469375
3852032
488756
5286591
5286591
5286591
2126383
776812
5323225
1419755
1419755
-334148
458386
991577
859485
991577
991577
13800
588497
159012
97784
97784
-140086
32884
-115584
244847
-166440
244847
244847
600341
1761517
1682948
1682948
1682948
1659876
1659876
-7700
505741
134846
153417
153417
153417
1336590
604782
-737796
161737
-433738
-477030
161737
-1299852
-860512
6733
-59340
-358552
244409
244409
244409
526254
242719
1934109
1934109
712370
307659
700512
380789
98525
-368720
393200
393200
-310964
393200
-246703
-201300
-38402
320108
383744
-10027
383744
383744
-379871
422602
1419305
196576
1419305
3097623
3097623
2287458
2287458
933517
764107
1374437
1689365
1360674
1689365
592273
578174
1689365
1689365
1190634
655480
1657613
215527
2318244
842731
1024548
1333105
1971528
1971528
1311628
1680464
-1338698
1680464
1748256
12808
1748256
1511739
1734870
1729559
217157
303472
793373
-179203
-51890
494948
123162
808975
1420759
2474865
155173
1151479
948362
986736
809403
2374910
71642
1320318
849349
563873
1291401
3535589
87007
3535589
1275872
3415487
3415487
480059
1981525
1590496
-735060
-616856
-1069615
1678323
1678323
-791534
606874
1387594
-221501
1387594
1387594
-888891
47524
659322
1190794
8062
-435124
-149204
432592
1198071
517584
50387
355015
355015
300475
300475
300475
-612520
-388236
748069
1520722
1520722
1520722
-117041
2290874
698660
1676965
243544
111182
-97064
1037758
664247
-280754
664247
402904
402904
402904
402904
402904
402904
-123556
262450
-153377
177199
240418
-116658
240418
-96050
174697
50855
849559
750282
777814
1232539
-294134
1232539
563100
257602
287826
988232
1598936
1598936
659774
659774
659774
-193311
550894
472714
1216376
16082
814600
1216376
123322
1216376
1214540
351619
1214540
76746
1132287
216982
1738490
684407
-49168
684407
350550
-611441
-842408
105730
-374523
214562
214562
-200193
-107431
1191786
216668
-772418
1262926
1129480
1002926
-285428
-161606
-996786
330764
-804862
-540350
400716
585604
2267929
608593
816711
161154
1482739
-1142088
1482739
16062
-1612149
584338
1442353
1442353
614812
1442353
-1034940
649615
-402752
-114954
1935791
-157360
752147
-522993
777287
-177092
-521945
777287
875530
971986
856529
971986
-279053
649615
649615
649615
-1646956
469329
469329
10716
452917
452917
-471429
-694903
-499454
461047
-703463
461047
111300
-151970
602873
1485142
-111208
1592124
1592124
1586924
125002
739300
323775
295597
956834
1633775
208688
881315
1419100
-223926
1710467
2157253
1312338
1312338
270720
1484935
1484935
1509035
1509035
759511
-767137
1071660
-186752
785823
-376507
1063340
-1713866
141905
-192881
139285
-945204
305034
305034
-212496
-1136865
20851
209775
209775
1511533
1511533
867660
1482154
62856
-40217
-1044660
403525
1141608
-870989
1141608
-1220015
76723
-1172188
-1145864
1103894
135870
-643180
765647
29726
-987074
-624097
300224
765647
-967100
778236
-349359
453478
426633
-22284
-1159266
1400907
1400907
1400907
1237926
1321105
91310
-220893
-472237
37092
-68308
1298445
-333433
2083668
2083668
2083668
2083668
2083668
1016082
875844
-272734
875844
875844
-186296
-6005
875844
15103
875844
1869124
1443252
1869124
706226
767738
767738
154770
1428376
-468086
-626887
-256230
403490
-190908
-436416
-598028
-426704
22657
22657
22657
-150363
22657
22657
-70587
-418428
-26815
-55642
22657
22657
645048
791978
-143175
-11907
-35030
315195
645567
-172451
-252498
710745
-245589
73984
9270
-12974
-180911
-401884
70587
1297299
1297299
1297299
1119946
811006
1658977
1658977
1658977
3304598
584841
3304598
23028
3922811
3385554
589784
4445029
523921
818659
3908642
1262390
1262390
1262390
2125735
2349286
25480
2349286
2349286
2349286
652680
-30888
1644648
1644648
543582
1644648
350064
350064
346002
346002
-750207
-67875
336936
336936
967335
967335
-31428
154437
967335
333142
451080
-185811
267413
613179
613179
1076448
-122472
25400
-267458
1123092
1951928
538490
1951928
1951928
239283
1951928
607584
401733
1448822
1448822
1448822
1448822
1425247
1313953
1313953
1246585
-154287
-48642
1246585
1173971
-1194780
567914
668794
-791468
1475013
-1333774
827488
742733
682595
-22635
522071
-1149620
-896943
522071
-912999
-1436466
430624
-1527417
316172
-1427920
316172
316172
-1481320
-1851064
-687358
316172
895691
970691
123870
-787338
1383774
-264396
829127
-838474
554647
-346225
554647
504193
-288052
-930943
-180861
155239
70350
155239
-221212
-335082
-177961
4496
-664774
-458065
4496
-227732
-4624
4496
4496
-132178
4496
4496
4496
-929876
-436546
-848275
188019
52182
52182
262524
-180696
507717
1869882
20119
1869882
593141
-225617
1042595
1437842
1437842
1437842
121854
-578706
121854
1732453
-380196
-389130
406997
1852632
1852632
-687609
1368009
2217934
664124
2264347
2256571
1212867
185459
1212867
512748
162653
-587352
369724
369724
43122
28566
208496
208496
-53200
-837770
192456
192456
-194747
192456
192456
192456
-803328
-863700
-1407094
-733558
281994
-16602
-150417
-1041670
129132
-466313
-578142
129132
-184714
393426
173601
172112
146211
2085
517331
231884
-404646
234053
234053
234053
225740
225740
855584
-346031
1312190
1312190
-354237
1178371
930915
-381349
-328746
171820
772401
-13957
217395
217395
217395
217395
65896
-119841
65896
-540956
47281
47281
-3960
-137362
-403029
47281
47281
47281
-412779
47281
47281
74517
74517
2551770
1294942
14790
48536
1386862
308046
1461
308046
-16741
308046
-201795
-281983
2385
-40911
561162
386699
819370
-1169593
819370
12419
979579
693074
1261586
-1992511
1261586
-814662
-221092
456832
1261586
-1438024
-638965
299096
466483
1374872
1171770
1494846
2534735
2529335
249418
2529335
2529335
2529335
1926459
497488
1063141
1990556
1990556
1990556
1990556
1990556
-965185
33124
-600635
307299
565746
-902087
532072
459810
-1688660
407674
-264765
407674
407674
407674
407674
-158387
-323554
407674
407674
-203189
-1937904
73472
1423612
-580712
1817766
1976554
121500
1976554
2439952
36269
612305
742842
2517505
2517505
2383681
2431282
2223832
2409529
-75216
356213
1924372
1911897
-102850
1911897
3104432
3104432
3144138
-333595
-684821
3144138
-54896
2673554
807657
1062883
-993318
1062883
-1515084
987519
-652467
637085
1109470
1369565
574633
1483149
172351
853307
-490914
944621
953267
-19619
-758597
503152
585299
585299
503152
503152
-43953
503152
-3012634
-1088159
1354723
-2175686
442585
-765295
1938314
1938314
1938314
723463
582774
2566332
2016717
450110
1530310
528785
-52858
1530310
1530310
1530310
-377107
1530310
1887108
-1173316
47958
581412
-1007526
2008209
2008209
-229061
1301793
1301793
909714
1301793
148230
1301793
1220878
1584191
2062579
2062579
1516600
199651
2529697
2529697
2529697
2529697
382018
1519430
-321110
1519430
-412036
959038
-1351370
266320
1618919
139240
1318758
1318758
1318758
1318758
2475350
1990141
1990141
1271816
13685
1423380
3260862
-157973
3260862
788220
1806350
1892723
670324
2009731
2009731
2009731
2009731
2009731
-54560
1668499
29547
1668499
833291
-1163211
634997
-1982498
-258620
394626
394626
-1714314
394626
-2161094
-948745
465630
1648479
1200432
-2204266
1532460
-822302
1532460
-587414
1440587
2103470
1000460
1717501
1796189
2189898
2189898
2189898
2189898
2870231
-1256801
2870231
2870231
1045075
-593925
-38022
2870231
2313484
2870231
2870231
1965472
2331299
3133047
3133047
1275602
456221
2275775
2189290
955840
1912708
990218
-1525566
1030333
1912708
1912708
1912708
-729121
74687
1912708
-1066788
1912708
-216592
60058
1360406
-89950
1502001
1502001
1502001
-1663742
-3401657
881796
1315655
-1469355
1315655
1315655
-1729601
1550150
-684065
1807009
-123659
1499935
113661
1322129
-541167
-104223
1322129
752563
-679130
738713
-494867
2983176
2561079
2561079
2561079
69439
-372874
-654489
2561079
1853346
-454593
1237826
1853346
1853346
1853346
1853346
1738873
1738873
1733920
1733920
1047595
-38552
2105641
1047595
-556261
1047595
-1116680
1047595
94844
2657928
2657928
-472538
-1611647
2657928
325466
2557648
-1254647
2557648
-1288645
2108918
2600684
593664
2470409
2470409
3346108
-705093
3710417
3185348
-85318
-750894
1655020
1483679
550743
1998524
2121455
1418474
519465
1418474
-1088982
929643
929643
-158335
1327128
-1167712
177544
1938055
1938055
1235382
788992
831440
-956926
-25170
55411
-914406
2045432
1476052
5994
2089937
2247704
2247704
1154528
3266014
209751
3016984
561730
4386016
4382969
4382969
1793454
271180
4382969
1424196
3744800
4333780
4333780
4333780
3823695
1249202
15405
4445407
1965547
3313924
3180681
1247469
924948
346639
-894663
2174571
-90488
591722
2174571
-32738
1194001
274812
2129152
843449
2488611
803266
4741288
4741288
4741288
4741288
838527
4044851
4044851
477864
527623
3230280
620325
64580
1043336
1216465
1833701
11071
-1528410
1506025
1506025
-2133560
3219012
-1318922
3705375
1312349
4118966
1421068
4118966
24252
-1043443
4555909
4555909
4555909
1716988
4555909
5029228
121066
6283661
4631231
2786436
-13056
4290501
4290501
943429
4167020
3945960
1807194
3291736
2656557
47458
527027
1654733
1654733
215536
-456054
1456106
1456106
1088325
1456106
1456106
667438
1456106
596302
536581
-578830
2470614
1385727
1385727
1326192
-866588
-1228988
1326192
1326192
-819720
1297948
-716633
-162404
147560
-255304
-696019
14871
-2430929
622026
2896363
2896363
-190271
-17781
1073407
-449164
1008081
-810475
-236169
1231966
1231966
139289
-645812
-499792
-1419675
-67057
1411300
1411300
-1199136
1426482
1393942
1494096
-132959
1196068
1541092
1428643
1353364
1353364
1353364
1353364
1260820
1260820
-1442463
1974805
2203252
-1168215
-1542918
2807252
-2399833
42865
2046496
2081284
1547071
-2252552
-198194
138296
22066
342632
2214255
456084
2214255
701801
701801
18838
701801
701801
701801
-259381
231118
-1592788
105428
465476
-1117391
-141
-1411959
777997
777997
528101
-741884
-322418
528101
528101
-656591
-2981017
-1389680
-1365319
223970
223970
-1043701
-466326
-202578
223970
-184163
223970
-223876
830783
830783
-1564833
163996
830783
-242384
-1395735
-1303107
-485027
1102555
499518
882151
1434804
1434804
193611
882151
-505596
-1051004
894202
-395983
-37800
652236
1331958
1698345
1698345
-7632
376262
1331958
1771542
1904010
3834173
3834173
521657
-17044
1561489
198537
2098150
1387208
1155332
-1942014
1878085
1648838
-291777
96084
766436
186367
160854
-518265
766436
1518775
-418151
1656271
439830
1294206
-125053
2031125
-1238276
334285
-395604
1972719
49260
-1051968
-3132120
1972719
-1088196
1972719
-488863
2143044
2778512
31804
1087872
73989
875374
-1021552
314494
-113561
693780
693780
693780
693780
693780
945184
880258
162456
369889
943081
943081
943081
943081
-108635
-166764
943081
745685
96176
164872
-224920
870033
114803
286710
967943
2623620
-415074
-667636
-1208830
658377
280432
1486089
1486089
116129
1486089
1486089
-256300
499775
992657
595010
1478687
231738
1424577
-1337629
1424577
86702
-169686
1424577
508529
1462725
955214
883610
-504574
244706
-275926
3182273
3182273
3182273
-323025
-47120
-1943654
1098106
1098106
-1186784
869615
869615
869615
869615
832052
810806
810806
810806
810806
810806
305375
1132336
810806
-236425
-159727
810806
293619
960087
-482049
960087
1856129
1856129
999431
916881
1651629
1651629
1390313
1886094
1886094
1953900
1829439
820659
-538409
334187
1375815
1375815
2548331
325744
133532
-585809
1331147
121317
-116379
1801934
684795
-26910
1801934
1437610
1551486
1551486
1263896
482794
392189
1015283
961058
420178
961058
1271664
2092234
3036957
251242
3036957
1935801
602438
-149509
2235498
1831867
-272061
465902
1831867
-9923
1385675
643552
728501
-825879
-1029420
1465770
1006207
-783351
232978
-109647
911930
-412120
2221043
1111887
1111887
-1430567
1751184
1751184
1111887
1111887
1111887
-193169
1111887
403533
737924
737924
-652791
3021539
1481431
3021539
1432884
-142551
-648543
964788
2819402
1388980
1388980
1388980
-1540392
1842782
1654608
-834144
1206162
3215464
690926
1276962
-1151970
4736
-1066837
2272497
-998383
1050123
1050123
1050123
-1131453
75004
-1087685
330369
765078
-146574
-191987
-145650
2261916
2261916
47008
-277868
1301771
-457134
774662
774662
720636
720636
818448
-801382
-572973
818448
818448
908562
-597256
-731695
55848
-58790
-611119
827520
1642062
915741
1906746
-369274
-645826
-77021
-683425
-469140
-1345777
1048420
1381411
1381411
1381411
270008
2449040
2674156
1916516
126440
1334275
-427657
1596825
1949576
1949576
-105495
-1433233
898867
-1337479
1949576
2237205
360166
2237205
382936
2560117
564845
2221172
2221172
2221172
1205544
-650234
1203249
1203249
62137
1286542
222039
1122364
1178450
647595
2397729
2153296
2153296
2117150
1548422
1548422
1548422
1548422
70688
-797695
1532353
2580592
-56692
2452708
2452708
15432
-319984
3836210
3836210
-19907
1687295
3565421
433866
3172996
2618002
-422240
880467
2618002
2618002
2618002
-34606
2618002
1235357
3372120
3372120
2638558
2638558
592586
-629720
4716311
5708462
1546774
4380540
367078
1509157
3892006
3892006
298512
2917252
425246
2917252
2917252
2917252
-589680
2269533
1619201
2269533
1022448
456310
5133239
-497800
1204311
-588988
2372949
4213248
-624654
5134502
4247998
4247998
4247998
4247998
4247998
8933
3804206
3488638
1744192
3774627
3774627
3774627
3774627
114274
40825
4714773
608436
5495445
5495445
304040
270213
3548287
2764518
977248
3616612
279694
4759287
4759287
1189195
3843178
3843178
274004
3004345
3004345
2998286
-389984
1106942
430424
2139006
2139006
-324719
1943996
1081765
-503649
1081765
808006
808006
164300
808006
808006
-440366
79435
1085363
1139161
-963715
691791
826579
826579
-720411
-188903
-298042
-47256
2059739
-80696
2059739
1578343
791523
2291342
4254989
2543221
574696
-54204
1766422
-649082
2797126
4423402
4423402
4423402
1735904
3013673
3013673
-405505
2977183
2322682
2036634
610352
3541547
1030824
3541547
458876
3541547
3541547
2083362
-1029964
399711
2154343
954540
729303
1347685
-300478
-328094
874468
18056
-13588
149214
-649639
129671
504370
504370
-389862
-403432
-439520
-1586950
459962
231483
459962
-839890
-2381489
82460
306066
645206
-98546
420646
420646
-1061528
-412764
311546
18984
287366
2412388
2412388
2412388
1115733
2297487
6131
1050019
-132497
-283142
404871
649206
-175408
556327
214733
556327
556327
-150728
119826
233454
-97815
360233
-147954
-232760
-729511
-1149054
284122
284122
990162
990162
2264682
2264682
1668013
507803
1668013
1668013
951576
2107614
1092872
-678791
-337495
1218964
-676719
1837781
1837781
1429868
-1012300
-282300
1429868
1429868
-543397
1080130
-1326928
34553
391369
391369
-360129
513246
-158624
247830
805542
969186
1368582
1734690
1734690
804721
503347
443222
1795257
1559991
-1003116
1559991
992250
839963
12750
-1504696
-158688
13056
